build/outputs/logs/manifest-merger-debug-report.txt
-- Merging decision tree log ---
manifest
ADDED from ETicketHyd\AndroidManifest.xml:2:1-259:12
	package
		ADDED from ETicketHyd\AndroidManifest.xml:3:5-38
	android:versionName
		ADDED from ETicketHyd\AndroidManifest.xml:5:5-30
		INJECTED from ETicketHyd\AndroidManifest.xml
		INJECTED from ETicketHyd\AndroidManifest.xml
	android:versionCode
		ADDED from ETicketHyd\AndroidManifest.xml:4:5-28
		INJECTED from ETicketHyd\AndroidManifest.xml
		INJECTED from ETicketHyd\AndroidManifest.xml
	xmlns:android
		ADDED from ETicketHyd\AndroidManifest.xml:2:11-69
uses-sdk
ADDED from ETicketHyd\AndroidManifest.xml:7:5-9:41
MERGED from [com.android.support:multidex:1.0.1] AndroidManifest.xml:18:5-42
MERGED from [com.android.support:design:25.0.1] AndroidManifest.xml:21:5-23:62
MERGED from [com.android.support:appcompat-v7:26.0.0-alpha1] AndroidManifest.xml:21:5-23:78
MERGED from [com.android.support:animated-vector-drawable:26.0.0-alpha1] AndroidManifest.xml:20:5-44
MERGED from [com.android.support:support-vector-drawable:26.0.0-alpha1] AndroidManifest.xml:20:5-44
MERGED from [com.android.support:recyclerview-v7:25.0.1] AndroidManifest.xml:20:5-43
MERGED from [com.android.support:support-core-ui:25.0.1] AndroidManifest.xml:21:5-23:58
MERGED from [com.android.support:support-compat:26.0.0-alpha1] AndroidManifest.xml:21:5-23:58
MERGED from [com.android.support:transition:25.0.1] AndroidManifest.xml:20:5-44
MERGED from [com.crashlytics.sdk.android:crashlytics:2.6.8] AndroidManifest.xml:7:5-43
MERGED from [com.crashlytics.sdk.android:beta:1.2.5] AndroidManifest.xml:7:5-43
MERGED from [com.crashlytics.sdk.android:crashlytics-core:2.3.17] AndroidManifest.xml:50:5-43
MERGED from [com.crashlytics.sdk.android:answers:1.3.13] AndroidManifest.xml:7:5-43
MERGED from [io.fabric.sdk.android:fabric:1.3.17] AndroidManifest.xml:27:5-43
	tools:overrideLibrary
		ADDED from [com.android.support:design:25.0.1] AndroidManifest.xml:23:9-59
	android:targetSdkVersion
		ADDED from ETicketHyd\AndroidManifest.xml:9:9-38
		INJECTED from ETicketHyd\AndroidManifest.xml
		INJECTED from ETicketHyd\AndroidManifest.xml
	android:minSdkVersion
		ADDED from ETicketHyd\AndroidManifest.xml:8:9-35
		INJECTED from ETicketHyd\AndroidManifest.xml
		INJECTED from ETicketHyd\AndroidManifest.xml
uses-permission#android.permission.WRITE_SETTINGS
ADDED from ETicketHyd\AndroidManifest.xml:11:5-73
	android:name
		ADDED from ETicketHyd\AndroidManifest.xml:11:22-70
uses-permission#android.permission.INTERNET
ADDED from ETicketHyd\AndroidManifest.xml:12:5-67
MERGED from [com.crashlytics.sdk.android:crashlytics:2.6.8] AndroidManifest.xml:9:5-67
MERGED from [com.crashlytics.sdk.android:beta:1.2.5] AndroidManifest.xml:9:5-67
MERGED from [com.crashlytics.sdk.android:crashlytics-core:2.3.17] AndroidManifest.xml:52:5-67
MERGED from [com.crashlytics.sdk.android:answers:1.3.13] AndroidManifest.xml:9:5-67
MERGED from [io.fabric.sdk.android:fabric:1.3.17] AndroidManifest.xml:29:5-67
	android:name
		ADDED from ETicketHyd\AndroidManifest.xml:12:22-64
uses-permission#android.permission.ACCESS_COARSE_LOCATION
ADDED from ETicketHyd\AndroidManifest.xml:13:5-81
	android:name
		ADDED from ETicketHyd\AndroidManifest.xml:13:22-78
uses-permission#android.permission.ACCESS_FINE_LOCATION
ADDED from ETicketHyd\AndroidManifest.xml:14:5-79
	android:name
		ADDED from ETicketHyd\AndroidManifest.xml:14:22-76
uses-permission#android.permission.ACCESS_NETWORK_STATE
ADDED from ETicketHyd\AndroidManifest.xml:15:5-79
	android:name
		ADDED from ETicketHyd\AndroidManifest.xml:15:22-76
uses-permission#android.permission.WRITE_EXTERNAL_STORAGE
ADDED from ETicketHyd\AndroidManifest.xml:16:5-81
	android:name
		ADDED from ETicketHyd\AndroidManifest.xml:16:22-78
uses-permission#android.permission.READ_EXTERNAL_STORAGE
ADDED from ETicketHyd\AndroidManifest.xml:17:5-80
	android:name
		ADDED from ETicketHyd\AndroidManifest.xml:17:22-77
uses-permission#android.permission.READ_PHONE_STATE
ADDED from ETicketHyd\AndroidManifest.xml:18:5-75
	android:name
		ADDED from ETicketHyd\AndroidManifest.xml:18:22-72
uses-permission#android.permission.CAMERA
ADDED from ETicketHyd\AndroidManifest.xml:19:5-65
	android:name
		ADDED from ETicketHyd\AndroidManifest.xml:19:22-62
uses-permission#android.permission.ACCESS_WIFI_STATE
ADDED from ETicketHyd\AndroidManifest.xml:20:5-76
	android:name
		ADDED from ETicketHyd\AndroidManifest.xml:20:22-73
uses-permission#android.permission.BLUETOOTH
ADDED from ETicketHyd\AndroidManifest.xml:21:5-68
	android:name
		ADDED from ETicketHyd\AndroidManifest.xml:21:22-65
uses-permission#android.permission.BLUETOOTH_ADMIN
ADDED from ETicketHyd\AndroidManifest.xml:22:5-74
	android:name
		ADDED from ETicketHyd\AndroidManifest.xml:22:22-71
uses-permission#com.android.launcher.permission.INSTALL_SHORTCUT
ADDED from ETicketHyd\AndroidManifest.xml:23:5-88
	android:name
		ADDED from ETicketHyd\AndroidManifest.xml:23:22-85
uses-permission#android.permission.READ_LOGS
ADDED from ETicketHyd\AndroidManifest.xml:24:5-68
	android:name
		ADDED from ETicketHyd\AndroidManifest.xml:24:22-65
uses-permission#android.permission.INSTALL_PACKAGES
ADDED from ETicketHyd\AndroidManifest.xml:25:5-75
	android:name
		ADDED from ETicketHyd\AndroidManifest.xml:25:22-72
uses-permission#android.permission.DELETE_PACKAGES
ADDED from ETicketHyd\AndroidManifest.xml:26:5-74
	android:name
		ADDED from ETicketHyd\AndroidManifest.xml:26:22-71
application
ADDED from ETicketHyd\AndroidManifest.xml:28:5-257:19
MERGED from [com.android.support:design:25.0.1] AndroidManifest.xml:25:5-20
MERGED from [com.android.support:appcompat-v7:26.0.0-alpha1] AndroidManifest.xml:29:5-20
MERGED from [com.android.support:animated-vector-drawable:26.0.0-alpha1] AndroidManifest.xml:26:5-20
MERGED from [com.android.support:support-vector-drawable:26.0.0-alpha1] AndroidManifest.xml:26:5-20
MERGED from [com.android.support:support-core-ui:25.0.1] AndroidManifest.xml:25:5-20
MERGED from [com.android.support:support-compat:26.0.0-alpha1] AndroidManifest.xml:29:5-20
MERGED from [com.android.support:transition:25.0.1] AndroidManifest.xml:22:5-20
MERGED from [com.crashlytics.sdk.android:crashlytics:2.6.8] AndroidManifest.xml:11:5-20
MERGED from [com.crashlytics.sdk.android:beta:1.2.5] AndroidManifest.xml:11:5-20
MERGED from [com.crashlytics.sdk.android:crashlytics-core:2.3.17] AndroidManifest.xml:54:5-20
MERGED from [com.crashlytics.sdk.android:answers:1.3.13] AndroidManifest.xml:11:5-20
MERGED from [io.fabric.sdk.android:fabric:1.3.17] AndroidManifest.xml:31:5-20
	android:label
		ADDED from ETicketHyd\AndroidManifest.xml:31:9-41
	android:allowBackup
		ADDED from ETicketHyd\AndroidManifest.xml:29:9-36
	android:icon
		ADDED from ETicketHyd\AndroidManifest.xml:30:9-42
	android:largeHeap
		ADDED from ETicketHyd\AndroidManifest.xml:32:9-33
	android:theme
		ADDED from ETicketHyd\AndroidManifest.xml:33:9-40
activity#com.mtpv.mobilee_ticket.MainActivity
ADDED from ETicketHyd\AndroidManifest.xml:34:9-44:20
	android:screenOrientation
		ADDED from ETicketHyd\AndroidManifest.xml:37:13-49
	android:label
		ADDED from ETicketHyd\AndroidManifest.xml:36:13-45
	android:windowSoftInputMode
		ADDED from ETicketHyd\AndroidManifest.xml:38:13-52
	android:name
		ADDED from ETicketHyd\AndroidManifest.xml:35:13-41
intent-filter#android.intent.action.MAIN+android.intent.category.LAUNCHER
ADDED from ETicketHyd\AndroidManifest.xml:39:13-43:29
action#android.intent.action.MAIN
ADDED from ETicketHyd\AndroidManifest.xml:40:17-69
	android:name
		ADDED from ETicketHyd\AndroidManifest.xml:40:25-66
category#android.intent.category.LAUNCHER
ADDED from ETicketHyd\AndroidManifest.xml:42:17-77
	android:name
		ADDED from ETicketHyd\AndroidManifest.xml:42:27-74
activity#com.mtpv.mobilee_ticket.GenerateDrunkDriveCase
ADDED from ETicketHyd\AndroidManifest.xml:45:9-50:20
	android:screenOrientation
		ADDED from ETicketHyd\AndroidManifest.xml:48:13-49
	android:excludeFromRecents
		ADDED from ETicketHyd\AndroidManifest.xml:47:13-46
	android:windowSoftInputMode
		ADDED from ETicketHyd\AndroidManifest.xml:49:13-52
	android:name
		ADDED from ETicketHyd\AndroidManifest.xml:46:13-51
activity#com.mtpv.mobilee_ticket.Dashboard
ADDED from ETicketHyd\AndroidManifest.xml:51:9-56:20
	android:screenOrientation
		ADDED from ETicketHyd\AndroidManifest.xml:54:13-49
	android:excludeFromRecents
		ADDED from ETicketHyd\AndroidManifest.xml:53:13-46
	android:windowSoftInputMode
		ADDED from ETicketHyd\AndroidManifest.xml:55:13-52
	android:name
		ADDED from ETicketHyd\AndroidManifest.xml:52:13-38
activity#com.mtpv.mobilee_ticket.Settings_New
ADDED from ETicketHyd\AndroidManifest.xml:57:9-62:20
	android:screenOrientation
		ADDED from ETicketHyd\AndroidManifest.xml:60:13-49
	android:excludeFromRecents
		ADDED from ETicketHyd\AndroidManifest.xml:59:13-46
	android:windowSoftInputMode
		ADDED from ETicketHyd\AndroidManifest.xml:61:13-52
	android:name
		ADDED from ETicketHyd\AndroidManifest.xml:58:13-41
activity#com.mtpv.mobilee_ticket.DrunkResponse
ADDED from ETicketHyd\AndroidManifest.xml:63:9-68:20
	android:screenOrientation
		ADDED from ETicketHyd\AndroidManifest.xml:66:13-49
	android:excludeFromRecents
		ADDED from ETicketHyd\AndroidManifest.xml:65:13-46
	android:windowSoftInputMode
		ADDED from ETicketHyd\AndroidManifest.xml:67:13-52
	android:name
		ADDED from ETicketHyd\AndroidManifest.xml:64:13-42
activity#com.mtpv.mobilee_ticket.PendingChallans
ADDED from ETicketHyd\AndroidManifest.xml:69:9-74:20
	android:screenOrientation
		ADDED from ETicketHyd\AndroidManifest.xml:72:13-49
	android:excludeFromRecents
		ADDED from ETicketHyd\AndroidManifest.xml:71:13-46
	android:windowSoftInputMode
		ADDED from ETicketHyd\AndroidManifest.xml:73:13-52
	android:name
		ADDED from ETicketHyd\AndroidManifest.xml:70:13-44
activity#com.mtpv.mobilee_ticket.Drunk_Drive
ADDED from ETicketHyd\AndroidManifest.xml:75:9-82:20
	android:screenOrientation
		ADDED from ETicketHyd\AndroidManifest.xml:78:13-49
	android:excludeFromRecents
		ADDED from ETicketHyd\AndroidManifest.xml:77:13-46
	android:windowSoftInputMode
		ADDED from ETicketHyd\AndroidManifest.xml:79:13-52
	android:name
		ADDED from ETicketHyd\AndroidManifest.xml:76:13-40
activity#com.mtpv.mobilee_ticket.DuplicatePrint
ADDED from ETicketHyd\AndroidManifest.xml:83:9-88:20
	android:screenOrientation
		ADDED from ETicketHyd\AndroidManifest.xml:86:13-49
	android:excludeFromRecents
		ADDED from ETicketHyd\AndroidManifest.xml:85:13-46
	android:windowSoftInputMode
		ADDED from ETicketHyd\AndroidManifest.xml:87:13-52
	android:name
		ADDED from ETicketHyd\AndroidManifest.xml:84:13-43
activity#com.mtpv.mobilee_ticket.IPSettings
ADDED from ETicketHyd\AndroidManifest.xml:89:9-94:20
	android:screenOrientation
		ADDED from ETicketHyd\AndroidManifest.xml:92:13-49
	android:excludeFromRecents
		ADDED from ETicketHyd\AndroidManifest.xml:91:13-46
	android:windowSoftInputMode
		ADDED from ETicketHyd\AndroidManifest.xml:93:13-52
	android:name
		ADDED from ETicketHyd\AndroidManifest.xml:90:13-39
activity#com.mtpv.mobilee_ticket.SpotChallan
ADDED from ETicketHyd\AndroidManifest.xml:95:9-100:20
	android:screenOrientation
		ADDED from ETicketHyd\AndroidManifest.xml:98:13-49
	android:excludeFromRecents
		ADDED from ETicketHyd\AndroidManifest.xml:97:13-46
	android:windowSoftInputMode
		ADDED from ETicketHyd\AndroidManifest.xml:99:13-52
	android:name
		ADDED from ETicketHyd\AndroidManifest.xml:96:13-40
activity#com.mtpv.mobilee_ticket.SpotResponse
ADDED from ETicketHyd\AndroidManifest.xml:101:9-106:20
	android:screenOrientation
		ADDED from ETicketHyd\AndroidManifest.xml:104:13-49
	android:excludeFromRecents
		ADDED from ETicketHyd\AndroidManifest.xml:103:13-46
	android:windowSoftInputMode
		ADDED from ETicketHyd\AndroidManifest.xml:105:13-52
	android:name
		ADDED from ETicketHyd\AndroidManifest.xml:102:13-41
activity#com.mtpv.mobilee_ticket.VehicleHistoryPendingChallans
ADDED from ETicketHyd\AndroidManifest.xml:107:9-112:20
	android:screenOrientation
		ADDED from ETicketHyd\AndroidManifest.xml:110:13-49
	android:excludeFromRecents
		ADDED from ETicketHyd\AndroidManifest.xml:109:13-46
	android:windowSoftInputMode
		ADDED from ETicketHyd\AndroidManifest.xml:111:13-52
	android:name
		ADDED from ETicketHyd\AndroidManifest.xml:108:13-58
activity#com.mtpv.mobilee_ticket.SpecialDrive
ADDED from ETicketHyd\AndroidManifest.xml:113:9-117:20
	android:label
		ADDED from ETicketHyd\AndroidManifest.xml:115:13-65
	android:windowSoftInputMode
		ADDED from ETicketHyd\AndroidManifest.xml:116:13-52
	android:name
		ADDED from ETicketHyd\AndroidManifest.xml:114:13-41
activity#com.mtpv.mobilee_ticket.OfflineDashboardActivity
ADDED from ETicketHyd\AndroidManifest.xml:118:9-122:20
	android:label
		ADDED from ETicketHyd\AndroidManifest.xml:120:13-69
	android:windowSoftInputMode
		ADDED from ETicketHyd\AndroidManifest.xml:121:13-52
	android:name
		ADDED from ETicketHyd\AndroidManifest.xml:119:13-53
activity#com.mtpv.mobilee_ticket.Offline_GenerateCase
ADDED from ETicketHyd\AndroidManifest.xml:123:9-127:20
	android:label
		ADDED from ETicketHyd\AndroidManifest.xml:125:13-74
	android:windowSoftInputMode
		ADDED from ETicketHyd\AndroidManifest.xml:126:13-52
	android:name
		ADDED from ETicketHyd\AndroidManifest.xml:124:13-49
activity#com.mtpv.mobilee_ticket.Offline_Settings
ADDED from ETicketHyd\AndroidManifest.xml:128:9-132:20
	android:label
		ADDED from ETicketHyd\AndroidManifest.xml:130:13-69
	android:windowSoftInputMode
		ADDED from ETicketHyd\AndroidManifest.xml:131:13-52
	android:name
		ADDED from ETicketHyd\AndroidManifest.xml:129:13-45
activity#com.mtpv.mobilee_ticket.Respone_Print
ADDED from ETicketHyd\AndroidManifest.xml:133:9-137:20
	android:label
		ADDED from ETicketHyd\AndroidManifest.xml:135:13-66
	android:windowSoftInputMode
		ADDED from ETicketHyd\AndroidManifest.xml:136:13-52
	android:name
		ADDED from ETicketHyd\AndroidManifest.xml:134:13-42
activity#com.mtpv.mobilee_ticket.Fake_NO_Dialog
ADDED from ETicketHyd\AndroidManifest.xml:138:9-143:20
	android:label
		ADDED from ETicketHyd\AndroidManifest.xml:140:13-66
	android:windowSoftInputMode
		ADDED from ETicketHyd\AndroidManifest.xml:142:13-52
	android:theme
		ADDED from ETicketHyd\AndroidManifest.xml:141:13-56
	android:name
		ADDED from ETicketHyd\AndroidManifest.xml:139:13-43
activity#com.mtpv.mobilee_ticket.OTP_input
ADDED from ETicketHyd\AndroidManifest.xml:144:9-148:20
	android:label
		ADDED from ETicketHyd\AndroidManifest.xml:146:13-61
	android:theme
		ADDED from ETicketHyd\AndroidManifest.xml:147:13-56
	android:name
		ADDED from ETicketHyd\AndroidManifest.xml:145:13-38
activity#com.mtpv.mobilee_ticket.ExtraPassengers
ADDED from ETicketHyd\AndroidManifest.xml:149:9-153:20
	android:label
		ADDED from ETicketHyd\AndroidManifest.xml:151:13-59
	android:theme
		ADDED from ETicketHyd\AndroidManifest.xml:152:13-56
	android:name
		ADDED from ETicketHyd\AndroidManifest.xml:150:13-44
activity#com.mtpv.mobilee_ticket.E_Challan
ADDED from ETicketHyd\AndroidManifest.xml:154:9-158:20
	android:label
		ADDED from ETicketHyd\AndroidManifest.xml:156:13-62
	android:windowSoftInputMode
		ADDED from ETicketHyd\AndroidManifest.xml:157:13-52
	android:name
		ADDED from ETicketHyd\AndroidManifest.xml:155:13-38
activity#com.mtpv.mobilee_ticket.E_Challan_Reports
ADDED from ETicketHyd\AndroidManifest.xml:159:9-163:20
	android:label
		ADDED from ETicketHyd\AndroidManifest.xml:161:13-71
	android:windowSoftInputMode
		ADDED from ETicketHyd\AndroidManifest.xml:162:13-52
	android:name
		ADDED from ETicketHyd\AndroidManifest.xml:160:13-46
activity#com.mtpv.mobilee_ticket.MinorActivity
ADDED from ETicketHyd\AndroidManifest.xml:164:9-168:20
	android:label
		ADDED from ETicketHyd\AndroidManifest.xml:166:13-57
	android:theme
		ADDED from ETicketHyd\AndroidManifest.xml:167:13-56
	android:name
		ADDED from ETicketHyd\AndroidManifest.xml:165:13-42
activity#com.mtpv.mobilee_ticket.DD_Print
ADDED from ETicketHyd\AndroidManifest.xml:169:9-172:20
	android:label
		ADDED from ETicketHyd\AndroidManifest.xml:171:13-61
	android:name
		ADDED from ETicketHyd\AndroidManifest.xml:170:13-37
activity#com.mtpv.mobilee_ticket.PopupDetails
ADDED from ETicketHyd\AndroidManifest.xml:173:9-177:20
	android:label
		ADDED from ETicketHyd\AndroidManifest.xml:175:13-43
	android:windowSoftInputMode
		ADDED from ETicketHyd\AndroidManifest.xml:176:13-52
	android:name
		ADDED from ETicketHyd\AndroidManifest.xml:174:13-41
activity#com.mtpv.mobilee_ticket.DeviceListActivity
ADDED from ETicketHyd\AndroidManifest.xml:178:9-185:20
	android:label
		ADDED from ETicketHyd\AndroidManifest.xml:180:13-45
	android:theme
		ADDED from ETicketHyd\AndroidManifest.xml:181:13-56
	android:name
		ADDED from ETicketHyd\AndroidManifest.xml:179:13-47
intent-filter#android.intent.action.VIEW
ADDED from ETicketHyd\AndroidManifest.xml:182:13-184:29
action#android.intent.action.VIEW
ADDED from ETicketHyd\AndroidManifest.xml:183:17-69
	android:name
		ADDED from ETicketHyd\AndroidManifest.xml:183:25-66
activity#com.pinpad.mtpv.PinPad_ListActivity
ADDED from ETicketHyd\AndroidManifest.xml:186:9-193:20
	android:label
		ADDED from ETicketHyd\AndroidManifest.xml:188:13-65
	android:theme
		ADDED from ETicketHyd\AndroidManifest.xml:189:13-56
	android:name
		ADDED from ETicketHyd\AndroidManifest.xml:187:13-63
activity#com.pinpad.mtpv.PinPadList
ADDED from ETicketHyd\AndroidManifest.xml:194:9-197:20
	android:label
		ADDED from ETicketHyd\AndroidManifest.xml:196:13-64
	android:name
		ADDED from ETicketHyd\AndroidManifest.xml:195:13-54
activity#com.pinpad.mtpv.GetPinPad
ADDED from ETicketHyd\AndroidManifest.xml:198:9-201:20
	android:label
		ADDED from ETicketHyd\AndroidManifest.xml:200:13-63
	android:name
		ADDED from ETicketHyd\AndroidManifest.xml:199:13-53
activity#com.mtpv.mobilee_ticket.Bluetooth
ADDED from ETicketHyd\AndroidManifest.xml:202:9-205:20
	android:label
		ADDED from ETicketHyd\AndroidManifest.xml:204:13-67
	android:name
		ADDED from ETicketHyd\AndroidManifest.xml:203:13-38
activity#com.mtpv.mobilee_ticket.BluetoothListActivity
ADDED from ETicketHyd\AndroidManifest.xml:206:9-209:20
	android:label
		ADDED from ETicketHyd\AndroidManifest.xml:208:13-66
	android:name
		ADDED from ETicketHyd\AndroidManifest.xml:207:13-50
activity#com.mtpv.mobilee_ticket.Settings_Old
ADDED from ETicketHyd\AndroidManifest.xml:210:9-213:20
	android:label
		ADDED from ETicketHyd\AndroidManifest.xml:212:13-65
	android:name
		ADDED from ETicketHyd\AndroidManifest.xml:211:13-41
activity#com.mtpv.mobilee_ticket.Dashboard_Old
ADDED from ETicketHyd\AndroidManifest.xml:214:9-217:20
	android:label
		ADDED from ETicketHyd\AndroidManifest.xml:216:13-66
	android:name
		ADDED from ETicketHyd\AndroidManifest.xml:215:13-42
activity#com.mtpv.mobilee_ticket.DD_Response_Print
ADDED from ETicketHyd\AndroidManifest.xml:218:9-221:20
	android:label
		ADDED from ETicketHyd\AndroidManifest.xml:220:13-71
	android:name
		ADDED from ETicketHyd\AndroidManifest.xml:219:13-46
activity#com.mtpv.mobilee_ticket.AadhaarUpdate
ADDED from ETicketHyd\AndroidManifest.xml:222:9-225:20
	android:label
		ADDED from ETicketHyd\AndroidManifest.xml:224:13-66
	android:name
		ADDED from ETicketHyd\AndroidManifest.xml:223:13-42
activity#com.mtpv.mobilee_ticket.Aadhaar_Update_Print
ADDED from ETicketHyd\AndroidManifest.xml:226:9-229:20
	android:label
		ADDED from ETicketHyd\AndroidManifest.xml:228:13-74
	android:name
		ADDED from ETicketHyd\AndroidManifest.xml:227:13-49
activity#com.mtpv.mobilee_ticket.DateOfBirth_Update
ADDED from ETicketHyd\AndroidManifest.xml:230:9-234:20
	android:label
		ADDED from ETicketHyd\AndroidManifest.xml:232:13-73
	android:theme
		ADDED from ETicketHyd\AndroidManifest.xml:233:13-56
	android:name
		ADDED from ETicketHyd\AndroidManifest.xml:231:13-47
activity#com.mtpv.mobilee_ticket.ChangePassword
ADDED from ETicketHyd\AndroidManifest.xml:235:9-239:20
	android:label
		ADDED from ETicketHyd\AndroidManifest.xml:237:13-67
	android:theme
		ADDED from ETicketHyd\AndroidManifest.xml:238:13-56
	android:name
		ADDED from ETicketHyd\AndroidManifest.xml:236:13-43
activity#com.mtpv.mobilee_ticket.ReleaseversionActivity
ADDED from ETicketHyd\AndroidManifest.xml:240:9-243:20
	android:label
		ADDED from ETicketHyd\AndroidManifest.xml:242:13-66
	android:name
		ADDED from ETicketHyd\AndroidManifest.xml:241:13-51
activity#com.mtpv.mobilee_ticket.Dashboard_PC
ADDED from ETicketHyd\AndroidManifest.xml:244:9-249:20
	android:screenOrientation
		ADDED from ETicketHyd\AndroidManifest.xml:247:13-49
	android:excludeFromRecents
		ADDED from ETicketHyd\AndroidManifest.xml:246:13-46
	android:windowSoftInputMode
		ADDED from ETicketHyd\AndroidManifest.xml:248:13-52
	android:name
		ADDED from ETicketHyd\AndroidManifest.xml:245:13-41
activity#com.mtpv.mobilee_ticket.Drunk_Drive_Fake_Dialog
ADDED from ETicketHyd\AndroidManifest.xml:250:9-253:20
	android:label
		ADDED from ETicketHyd\AndroidManifest.xml:252:13-78
	android:name
		ADDED from ETicketHyd\AndroidManifest.xml:251:13-52
meta-data#io.fabric.ApiKey
ADDED from ETicketHyd\AndroidManifest.xml:254:9-256:72
	android:value
		ADDED from ETicketHyd\AndroidManifest.xml:256:13-69
	android:name
		ADDED from ETicketHyd\AndroidManifest.xml:255:13-44
meta-data#android.support.VERSION
ADDED from [com.android.support:appcompat-v7:26.0.0-alpha1] AndroidManifest.xml:25:5-27:41
MERGED from [com.android.support:animated-vector-drawable:26.0.0-alpha1] AndroidManifest.xml:22:5-24:41
MERGED from [com.android.support:support-vector-drawable:26.0.0-alpha1] AndroidManifest.xml:22:5-24:41
MERGED from [com.android.support:support-compat:26.0.0-alpha1] AndroidManifest.xml:25:5-27:41
	android:value
		ADDED from [com.android.support:appcompat-v7:26.0.0-alpha1] AndroidManifest.xml:27:9-38
	android:name
		ADDED from [com.android.support:appcompat-v7:26.0.0-alpha1] AndroidManifest.xml:26:9-47